Turbo Assembler	 Version 2.51	     01/06/22 21:09:41	    Page 1
2m.asm



      1				     CALCULATION MACRO
      2				     LOCAL OVERFLOW,ERR
      3				     MOV CORRECT, 1
      4				     ADD NUMBER, 78
      5				     JO	OVERFLOW
      6				     JMP ERR
      7				     OVERFLOW:
      8				     MOV CORRECT, 0
      9				     LEA DX, OFSUM
     10				     MOV AH, 9H
     11				     INT 21H
     12				     ERR:
     13				     ENDM
     14
     15	0000			     STSEG SEGMENT PARA	STACK "STACK"
     16	0000  40*(53 54	41 43 4B)    DB	64 DUP("STACK")
     17	0140			     STSEG ENDS
     18
     19	0000			     DSEG SEGMENT PARA PUBLIC "DATA"
     20	0000  48 49 2C 20 49 4E	50+  STARTMESSAGE DB 'HI, INPUT	A NUMBER FROM -32768 T0	32767, MAX - 6 SYMBOLS:	$'
     21	      55 54 20 41 20 4E	55+
     22	      4D 42 45 52 20 46	52+
     23	      4F 4D 20 2D 33 32	37+
     24	      36 38 20 54 30 20	33+
     25	      32 37 36 37 2C 20	4D+
     26	      41 58 20 2D 20 36	20+
     27	      53 59 4D 42 4F 4C	53+
     28	      3A 20 24
     29	003B  4F 4F 4F 50 53 2C	20+  ERRORMESSAGE DB 'OOOPS, WRONG DATA$'
     30	      57 52 4F 4E 47 20	44+
     31	      41 54 41 24
     32	004D  4F 56 45 52 46 4C	4F+  OFSUM DB 'OVERFLOW	WHILE ADDING 78$'
     33	      57 20 57 48 49 4C	45+
     34	      20 41 44 44 49 4E	47+
     35	      20 37 38 24
     36
     37	0066  00		     NEGFLAG DB	0
     38	0067  00		     CORRECT DB	0
     39	      =	-8000		     MINNUM EQU	-32768
     40	0068  0000		     NUMBER DW 0
     41	006A  07 ?? 07*(0A)	     DUMP DB 7,?,7 DUP(0AH)
     42	0073			     DSEG ENDS
     43
     44	0000			     CSEG SEGMENT PARA PUBLIC "CODE"
     45				     ASSUME CS:CSEG, DS:DSEG, SS:STSEG
     46
     47	0000			     MAIN PROC FAR
     48
     49	0000  1E		     PUSH DS
     50	0001  33 C0		     XOR AX,AX
     51	0003  50		     PUSH AX
     52				     ;INITIALIZATION OF	DS
     53	0004  B8 0000s		     MOV AX,DSEG
     54	0007  8E D8		     MOV DS,AX
     55
     56	0009  BA 0000r		     LEA DX, STARTMESSAGE
     57	000C  B4 09		     MOV AH,9H
Turbo Assembler	 Version 2.51	     01/06/22 21:09:41	    Page 2
2m.asm



     58	000E  CD 21		     INT 21H
     59
     60
     61				     ;INPUT SYMBOLS
     62	0010  B4 0A		     MOV AH, 0AH
     63	0012  BA 006Ar		     LEA DX, DUMP
     64	0015  CD 21		     INT 21H
     65	0017  B0 0A		     MOV AL, 0AH
     66	0019  CD 29		     INT 29H
     67
     68				     ;CONVERT TO NUMBER
     69	001B  BE 006Cr		     LEA SI, DUMP +2
     70	001E  80 3C 2D		     CMP BYTE PTR [SI],	"-"
     71	0021  75 06		     JNZ A1
     72	0023  C6 06 0066r 01	     MOV NEGFLAG,1
     73	0028  46		     INC SI
     74
     75	0029			     A1:
     76	0029  33 C0		     XOR AX,AX
     77	002B  BB 000A		     MOV BX,10
     78
     79	002E			     A2:
     80	002E  8A 0C		     MOV CL, [SI]
     81	0030  80 F9 0D		     CMP CL, 0DH
     82	0033  74 2E		     JZ	AEND
     83
     84	0035  80 F9 30		     CMP CL,'0'
     85	0038  72 13		     JB	ERROR
     86	003A  80 F9 39		     CMP CL, '9'
     87	003D  77 0E		     JA	ERROR
     88
     89	003F  80 E9 30		     SUB CL, '0'
     90	0042  F7 EB		     IMUL BX
     91	0044  70 07		     JO	ERROR
     92	0046  03 C1		     ADD AX, CX
     93	0048  70 0D		     JO	MIN
     94	004A  46		     INC SI
     95	004B  EB E1		     JMP A2
     96
     97	004D			     ERROR:
     98	004D  BA 003Br		     LEA DX, ERRORMESSAGE
     99	0050  B4 09		     MOV AH,9H
    100	0052  CD 21		     INT 21H
    101	0054  EB 41 90		     JMP ENDL
    102
    103	0057			     MIN:
    104	0057  3D 8000		     CMP AX, MINNUM
    105	005A  75 F1		     JNE ERROR
    106	005C  80 3E 006Cr 2D	     CMP BYTE PTR [DUMP	+2], "-"
    107	0061  75 EA		     JNE ERROR
    108
    109	0063			     AEND:
    110	0063  80 3E 0066r 01	     CMP NEGFLAG, 1
    111	0068  75 05		     JNE A3
    112	006A  F7 D8		     NEG AX
    113	006C  EB 01 90		     JMP A3
    114	006F			     A3:
Turbo Assembler	 Version 2.51	     01/06/22 21:09:41	    Page 3
2m.asm



    115	006F  A3 0068r		     MOV NUMBER,AX
    116				     CALCULATION
1   117	0072  C6 06 0067r 01	     MOV CORRECT, 1
1   118	0077  83 06 0068r 4E	     ADD NUMBER, 78
1   119	007C  70 03		     JO	??0000
1   120	007E  EB 0D 90		     JMP ??0001
1   121	0081			     ??0000:
1   122	0081  C6 06 0067r 00	     MOV CORRECT, 0
1   123	0086  BA 004Dr		     LEA DX, OFSUM
1   124	0089  B4 09		     MOV AH, 9H
1   125	008B  CD 21		     INT 21H
1   126	008D			     ??0001:
    127	008D  80 3E 0067r 01	     CMP CORRECT, 1
    128	0092  75 03		     JNE ENDL
    129	0094  E8 0001		     CALL DIGITOUTPUT
    130	0097			     ENDL:
    131	0097  CB		     RET
    132	0098			     MAIN ENDP
    133
    134
    135
    136	0098			     DIGITOUTPUT PROC NEAR
    137	0098  8B 1E 0068r	     MOV BX, NUMBER
    138	009C  0B DB		     OR	BX,BX
    139	009E  79 06		     JNS M1
    140	00A0  B0 2D		     MOV AL, '-'
    141	00A2  CD 29		     INT 29H
    142	00A4  F7 DB		     NEG BX
    143
    144	00A6			     M1:
    145	00A6  8B C3		     MOV AX,BX
    146	00A8  33 C9		     XOR CX, CX
    147	00AA  BB 000A		     MOV BX, 10
    148
    149	00AD			     M2:
    150	00AD  33 D2		     XOR DX,DX
    151	00AF  F7 F3		     DIV BX
    152	00B1  80 C2 30		     ADD DL, '0'
    153	00B4  52		     PUSH DX
    154	00B5  41		     INC CX
    155	00B6  85 C0		     TEST AX,AX
    156	00B8  75 F3		     JNZ M2
    157
    158	00BA			     M3:
    159	00BA  58		     POP AX
    160	00BB  CD 29		     INT 29H
    161	00BD  E2 FB		     LOOP M3
    162	00BF  C3		     RET
    163	00C0			     DIGITOUTPUT ENDP
    164
    165
    166	00C0			     CSEG ENDS
    167				     END MAIN
Turbo Assembler	 Version 2.51	     01/06/22 21:09:41	    Page 4
Symbol Table




Symbol Name			  Type	 Value

??0000				  Near	 CSEG:0081
??0001				  Near	 CSEG:008D
??DATE				  Text	 "01/06/22"
??FILENAME			  Text	 "2m	  "
??TIME				  Text	 "21:09:41"
??VERSION			  Number 0205
@CPU				  Text	 0101H
@CURSEG				  Text	 CSEG
@FILENAME			  Text	 2M
@WORDSIZE			  Text	 2
A1				  Near	 CSEG:0029
A2				  Near	 CSEG:002E
A3				  Near	 CSEG:006F
AEND				  Near	 CSEG:0063
CORRECT				  Byte	 DSEG:0067
DIGITOUTPUT			  Near	 CSEG:0098
DUMP				  Byte	 DSEG:006A
ENDL				  Near	 CSEG:0097
ERROR				  Near	 CSEG:004D
ERRORMESSAGE			  Byte	 DSEG:003B
M1				  Near	 CSEG:00A6
M2				  Near	 CSEG:00AD
M3				  Near	 CSEG:00BA
MAIN				  Far	 CSEG:0000
MIN				  Near	 CSEG:0057
MINNUM				  Number -8000
NEGFLAG				  Byte	 DSEG:0066
NUMBER				  Word	 DSEG:0068
OFSUM				  Byte	 DSEG:004D
STARTMESSAGE			  Byte	 DSEG:0000

Macro Name

CALCULATION

Groups & Segments		  Bit Size Align  Combine Class

CSEG				  16  00C0 Para	  Public  CODE
DSEG				  16  0073 Para	  Public  DATA
STSEG				  16  0140 Para	  Stack	  STACK
